<?xml version="1.0" encoding="UTF-8"?>
<!-- Generated by org.testng.reporters.JUnitReportReporter -->
<testsuite hostname="PC-Escritorio" failures="0" tests="1" name="automation.shoppingTests" time="5.426" errors="0" timestamp="2025-05-12T20:48:49 CLT" skipped="0">
  <testcase classname="automation.shoppingTests" name="loginSuccessTest" time="5.426"/>
</testsuite> <!-- automation.shoppingTests -->
