<?xml version="1.0" encoding="UTF-8"?>
<!-- Generated by org.testng.reporters.JUnitReportReporter -->
<testsuite hostname="PC-Escritorio" failures="0" tests="17" name="principal.ExcelMonstruoTests" time="18.768" errors="0" timestamp="2025-05-03T11:00:16 CLT" skipped="0">
  <testcase classname="principal.ExcelMonstruoTests" name="cuartoTest" time="1.083"/>
  <testcase classname="principal.ExcelMonstruoTests" name="cuartoTest" time="1.094"/>
  <testcase classname="principal.ExcelMonstruoTests" name="cuartoTest" time="1.113"/>
  <testcase classname="principal.ExcelMonstruoTests" name="segundoTest" time="1.104"/>
  <testcase classname="principal.ExcelMonstruoTests" name="cuartoTest" time="1.068"/>
  <testcase classname="principal.ExcelMonstruoTests" name="cuartoTest" time="1.100"/>
  <testcase classname="principal.ExcelMonstruoTests" name="tercerTest" time="1.189"/>
  <testcase classname="principal.ExcelMonstruoTests" name="cuartoTest" time="1.081"/>
  <testcase classname="principal.ExcelMonstruoTests" name="cuartoTest" time="1.083"/>
  <testcase classname="principal.ExcelMonstruoTests" name="cuartoTest" time="1.092"/>
  <testcase classname="principal.ExcelMonstruoTests" name="cuartoTest" time="1.065"/>
  <testcase classname="principal.ExcelMonstruoTests" name="cuartoTest" time="1.068"/>
  <testcase classname="principal.ExcelMonstruoTests" name="cuartoTest" time="1.224"/>
  <testcase classname="principal.ExcelMonstruoTests" name="cuartoTest" time="1.119"/>
  <testcase classname="principal.ExcelMonstruoTests" name="cuartoTest" time="1.083"/>
  <testcase classname="principal.ExcelMonstruoTests" name="cuartoTest" time="1.108"/>
  <testcase classname="principal.ExcelMonstruoTests" name="primerTest" time="1.094"/>
</testsuite> <!-- principal.ExcelMonstruoTests -->
