<?xml version="1.0" encoding="UTF-8"?>
<!-- Generated by org.testng.reporters.JUnitReportReporter -->
<testsuite hostname="PC-Escritorio" failures="0" tests="1" name="automation.FooterTests" time="5.778" errors="0" timestamp="2025-05-13T23:04:39 CLT" skipped="0">
  <testcase classname="automation.FooterTests" name="verifyingSocialMediaLinksTest" time="5.778"/>
</testsuite> <!-- automation.FooterTests -->
