<?xml version="1.0" encoding="UTF-8"?>
<!-- Generated by org.testng.reporters.JUnitReportReporter -->
<testsuite hostname="PC-Escritorio" failures="0" tests="2" name="automation.BarTests" time="13.891" errors="0" timestamp="2025-05-13T23:04:39 CLT" skipped="0">
  <testcase classname="automation.BarTests" name="aboutButtomTest" time="6.575"/>
  <testcase classname="automation.BarTests" name="logoutTest" time="7.316"/>
</testsuite> <!-- automation.BarTests -->
