<?xml version="1.0" encoding="UTF-8"?>
<!-- Generated by org.testng.reporters.JUnitReportReporter -->
<testsuite hostname="PC-Escritorio" failures="0" tests="2" name="automation.LoginTests" time="14.151" errors="0" timestamp="2025-05-13T23:04:39 CLT" skipped="0">
  <testcase classname="automation.LoginTests" name="verifyLoginPageTest" time="6.237"/>
  <testcase classname="automation.LoginTests" name="lockedUserTest" time="7.914"/>
</testsuite> <!-- automation.LoginTests -->
