<?xml version="1.0" encoding="UTF-8"?>
<!-- Generated by org.testng.reporters.JUnitReportReporter -->
<testsuite hostname="PC-Escritorio" failures="0" tests="2" name="automation.BarTests" time="12.194" errors="0" timestamp="2025-05-12T20:48:49 CLT" skipped="0">
  <testcase classname="automation.BarTests" name="aboutButtomTest" time="5.721"/>
  <testcase classname="automation.BarTests" name="logoutTest" time="6.473"/>
</testsuite> <!-- automation.BarTests -->
