<?xml version="1.0" encoding="UTF-8"?>
<!-- Generated by org.testng.reporters.JUnitReportReporter -->
<testsuite hostname="PC-Escritorio" failures="0" tests="1" name="automation.FooterTests" time="5.217" errors="0" timestamp="2025-05-12T20:48:49 CLT" skipped="0">
  <testcase classname="automation.FooterTests" name="verifyingSocialMediaLinksTest" time="5.217"/>
</testsuite> <!-- automation.FooterTests -->
