<?xml version="1.0" encoding="UTF-8"?>
<!-- Generated by org.testng.reporters.JUnitReportReporter -->
<testsuite hostname="PC-Escritorio" failures="0" tests="2" name="automation.LoginTests" time="10.699" errors="0" timestamp="2025-05-12T20:48:49 CLT" skipped="0">
  <testcase classname="automation.LoginTests" name="verifyLoginPageTest" time="5.559"/>
  <testcase classname="automation.LoginTests" name="lockedUserTest" time="5.140"/>
</testsuite> <!-- automation.LoginTests -->
